
tspyrou@DESKTOP-8MMEAST:~/security/merging$ cd
tspyrou@DESKTOP-8MMEAST:~$ cd initial/
tspyrou@DESKTOP-8MMEAST:~/initial$ ls
tspyrou@DESKTOP-8MMEAST:~/initial$ 
running in working dir  /home/tspyrou/initial
path to script= /home/tspyrou/security/merging
command= /home/tspyrou/security/merging/merge_from_to_remote.py --from_remote git@github.com:The-OpenROAD-Project/ --to_remote git@github.com:The-OpenROAD-Project-Private/ --repo_names security.git OpenDB.git OpenRCX.git OpenSTA.git flute3.git OpenROAD.git OpenROAD-flow.git TritonRoute.git yosys.git --repo_branches master openroad
Cloning into 'security'...
remote: Enumerating objects: 296, done.        
remote: Counting objects: 100% (296/296), done.        
remote: Compressing objects: 100% (102/102), done.        
remote: Total 296 (delta 142), reused 272 (delta 118), pack-reused 0        
Receiving objects: 100% (296/296), 30.62 KiB | 340.00 KiB/s, done.
Resolving deltas: 100% (142/142), done.
Already on 'master'
From github.com:The-OpenROAD-Project/security
 * branch            master     -> FETCH_HEAD
error: pathspec 'openroad' did not match any file(s) known to git.
fatal: Couldn't find remote ref openroad
ERROR: Repository not found.
fatal: Could not read from remote repository.

Please make sure you have the correct access rights
and the repository exists.
Cloning into 'OpenDB'...
remote: Enumerating objects: 12, done.        
remote: Counting objects: 100% (12/12), done.        
remote: Compressing objects: 100% (10/10), done.        
remote: Total 6391 (delta 3), reused 6 (delta 2), pack-reused 6379        
Receiving objects: 100% (6391/6391), 5.87 MiB | 1.42 MiB/s, done.
Resolving deltas: 100% (4467/4467), done.
Already on 'master'
From github.com:The-OpenROAD-Project/OpenDB
 * branch            master     -> FETCH_HEAD
Switched to a new branch 'openroad'
From github.com:The-OpenROAD-Project/OpenDB
 * branch            openroad   -> FETCH_HEAD
Counting objects: 6169, done.
Delta compression using up to 8 threads.
Compressing objects: 100% (1794/1794), done.
Writing objects: 100% (6169/6169), 5.72 MiB | 701.00 KiB/s, done.
Total 6169 (delta 4275), reused 6169 (delta 4275)
remote: Resolving deltas: 100% (4275/4275), done.        
remote: This repository moved. Please use the new location:        
remote:   git@github.com:The-OpenROAD-Project-private/OpenDB.git        
To github.com:The-OpenROAD-Project-Private/OpenDB.git
 * [new branch]      master -> master
 * [new branch]      openroad -> openroad
Cloning into 'OpenRCX'...
remote: Enumerating objects: 12, done.        
remote: Counting objects: 100% (12/12), done.        
remote: Compressing objects: 100% (8/8), done.        
remote: Total 748 (delta 4), reused 8 (delta 4), pack-reused 736        
Receiving objects: 100% (748/748), 887.33 KiB | 1.58 MiB/s, done.
Resolving deltas: 100% (490/490), done.
Already on 'master'
From github.com:The-OpenROAD-Project/OpenRCX
 * branch            master     -> FETCH_HEAD
Switched to a new branch 'openroad'
From github.com:The-OpenROAD-Project/OpenRCX
 * branch            openroad   -> FETCH_HEAD
Counting objects: 292, done.
Delta compression using up to 8 threads.
Compressing objects: 100% (103/103), done.
Writing objects: 100% (292/292), 636.85 KiB | 10.44 MiB/s, done.
Total 292 (delta 175), reused 292 (delta 175)
remote: Resolving deltas: 100% (175/175), done.        
remote: This repository moved. Please use the new location:        
remote:   git@github.com:The-OpenROAD-Project-private/OpenRCX.git        
To github.com:The-OpenROAD-Project-Private/OpenRCX.git
 * [new branch]      master -> master
 * [new branch]      openroad -> openroad
Cloning into 'OpenSTA'...
remote: Enumerating objects: 399, done.        
remote: Counting objects: 100% (399/399), done.        
remote: Compressing objects: 100% (224/224), done.        
remote: Total 6007 (delta 233), reused 249 (delta 152), pack-reused 5608        
Receiving objects: 100% (6007/6007), 8.98 MiB | 8.21 MiB/s, done.
Resolving deltas: 100% (4839/4839), done.
Already on 'master'
From github.com:The-OpenROAD-Project/OpenSTA
 * branch            master     -> FETCH_HEAD
error: pathspec 'openroad' did not match any file(s) known to git.
fatal: Couldn't find remote ref openroad
Counting objects: 6007, done.
Delta compression using up to 8 threads.
Compressing objects: 100% (1099/1099), done.
Writing objects: 100% (6007/6007), 8.98 MiB | 1.14 MiB/s, done.
Total 6007 (delta 4839), reused 6007 (delta 4839)
remote: Resolving deltas: 100% (4839/4839), done.        
remote: This repository moved. Please use the new location:        
remote:   git@github.com:The-OpenROAD-Project-private/OpenSTA.git        
To github.com:The-OpenROAD-Project-Private/OpenSTA.git
 * [new branch]      master -> master
Cloning into 'flute3'...
remote: Enumerating objects: 121, done.        
remote: Counting objects: 100% (121/121), done.        
remote: Compressing objects: 100% (65/65), done.        
remote: Total 121 (delta 67), reused 104 (delta 54), pack-reused 0        
Receiving objects: 100% (121/121), 2.20 MiB | 3.16 MiB/s, done.
Resolving deltas: 100% (67/67), done.
Already on 'master'
From github.com:The-OpenROAD-Project/flute3
 * branch            master     -> FETCH_HEAD
error: pathspec 'openroad' did not match any file(s) known to git.
fatal: Couldn't find remote ref openroad
Counting objects: 117, done.
Delta compression using up to 8 threads.
Compressing objects: 100% (51/51), done.
Writing objects: 100% (117/117), 2.20 MiB | 874.00 KiB/s, done.
Total 117 (delta 64), reused 117 (delta 64)
remote: Resolving deltas: 100% (64/64), done.        
remote: This repository moved. Please use the new location:        
remote:   git@github.com:The-OpenROAD-Project-private/flute3.git        
To github.com:The-OpenROAD-Project-Private/flute3.git
 * [new branch]      master -> master
Cloning into 'OpenROAD'...
remote: Enumerating objects: 3, done.        
remote: Counting objects: 100% (3/3), done.        
remote: Compressing objects: 100% (3/3), done.        
remote: Total 24660 (delta 0), reused 1 (delta 0), pack-reused 24657        
Receiving objects: 100% (24660/24660), 236.76 MiB | 13.78 MiB/s, done.
Resolving deltas: 100% (15287/15287), done.
Checking out files: 100% (938/938), done.
Already on 'master'
From github.com:The-OpenROAD-Project/OpenROAD
 * branch              master     -> FETCH_HEAD
Checking out files: 100% (1400/1400), done.
Switched to a new branch 'openroad'
From github.com:The-OpenROAD-Project/OpenROAD
 * branch              openroad   -> FETCH_HEAD
Counting objects: 24121, done.
Delta compression using up to 8 threads.
Compressing objects: 100% (8346/8346), done.
Writing objects: 100% (24121/24121), 236.51 MiB | 1.31 MiB/s, done.
Total 24121 (delta 14924), reused 24121 (delta 14924)
remote: Resolving deltas: 100% (14924/14924), done.        
remote: warning: GH001: Large files detected. You may want to try Git Large File Storage - https://git-lfs.github.com.        
remote: warning: See http://git.io/iEPt8g for more information.        
remote: warning: File src/replace/test/large02.def is 61.64 MB; this is larger than GitHub's recommended maximum file size of 50.00 MB        
remote: warning: File test/sky130/sky130_tt.lib is 68.76 MB; this is larger than GitHub's recommended maximum file size of 50.00 MB        
remote: This repository moved. Please use the new location:        
remote:   git@github.com:The-OpenROAD-Project-private/OpenROAD.git        
To github.com:The-OpenROAD-Project-Private/OpenROAD.git
 * [new branch]        master -> master
 * [new branch]        openroad -> openroad
Cloning into 'OpenROAD-flow'...
remote: Enumerating objects: 84, done.        
remote: Counting objects: 100% (84/84), done.        
remote: Compressing objects: 100% (61/61), done.        
remote: Total 5294 (delta 40), reused 51 (delta 19), pack-reused 5210        
Receiving objects: 100% (5294/5294), 37.60 MiB | 10.79 MiB/s, done.
Resolving deltas: 100% (3468/3468), done.
Already on 'master'
From github.com:The-OpenROAD-Project/OpenROAD-flow
 * branch            master     -> FETCH_HEAD
Switched to a new branch 'openroad'
From github.com:The-OpenROAD-Project/OpenROAD-flow
 * branch            openroad   -> FETCH_HEAD
Counting objects: 4887, done.
Delta compression using up to 8 threads.
Compressing objects: 100% (1573/1573), done.
Writing objects: 100% (4887/4887), 37.36 MiB | 1.30 MiB/s, done.
Total 4887 (delta 3186), reused 4887 (delta 3186)
remote: Resolving deltas: 100% (3186/3186), done.        
remote: warning: GH001: Large files detected. You may want to try Git Large File Storage - https://git-lfs.github.com.        
remote: warning: See http://git.io/iEPt8g for more information.        
remote: warning: File flow/platforms/sky130/lib/sky130_fd_sc_hs__tt_025C_1v80.lib is 68.76 MB; this is larger than GitHub's recommended maximum file size of 50.00 MB        
remote: This repository moved. Please use the new location:        
remote:   git@github.com:The-OpenROAD-Project-private/OpenROAD-flow.git        
To github.com:The-OpenROAD-Project-Private/OpenROAD-flow.git
 * [new branch]      master -> master
 * [new branch]      openroad -> openroad
Cloning into 'TritonRoute'...
remote: Enumerating objects: 171, done.        
remote: Counting objects: 100% (171/171), done.        
remote: Compressing objects: 100% (125/125), done.        
remote: Total 839 (delta 67), reused 105 (delta 39), pack-reused 668        
Receiving objects: 100% (839/839), 3.18 MiB | 2.98 MiB/s, done.
Resolving deltas: 100% (393/393), done.
Already on 'master'
From github.com:The-OpenROAD-Project/TritonRoute
 * branch            master     -> FETCH_HEAD
Switched to a new branch 'openroad'
From github.com:The-OpenROAD-Project/TritonRoute
 * branch            openroad   -> FETCH_HEAD
Counting objects: 692, done.
Delta compression using up to 8 threads.
Compressing objects: 100% (392/392), done.
Writing objects: 100% (692/692), 3.03 MiB | 853.00 KiB/s, done.
Total 692 (delta 298), reused 669 (delta 283)
remote: Resolving deltas: 100% (298/298), done.        
remote: This repository moved. Please use the new location:        
remote:   git@github.com:The-OpenROAD-Project-private/TritonRoute.git        
To github.com:The-OpenROAD-Project-Private/TritonRoute.git
 * [new branch]      master -> master
 * [new branch]      openroad -> openroad
Cloning into 'yosys'...
remote: Enumerating objects: 52455, done.        
remote: Total 52455 (delta 0), reused 0 (delta 0), pack-reused 52455        
Receiving objects: 100% (52455/52455), 58.23 MiB | 11.38 MiB/s, done.
Resolving deltas: 100% (38417/38417), done.
Checking out files: 100% (1545/1545), done.
Already on 'master'
From github.com:The-OpenROAD-Project/yosys
 * branch              master     -> FETCH_HEAD
error: pathspec 'openroad' did not match any file(s) known to git.
fatal: Couldn't find remote ref openroad
Counting objects: 52341, done.
Delta compression using up to 8 threads.
Compressing objects: 100% (13775/13775), done.
Writing objects: 100% (52341/52341), 49.28 MiB | 1.26 MiB/s, done.
Total 52341 (delta 38385), reused 52341 (delta 38385)
remote: Resolving deltas: 100% (38385/38385), done.        
remote: This repository moved. Please use the new location:        
remote:   git@github.com:The-OpenROAD-Project-private/yosys.git        
To github.com:The-OpenROAD-Project-Private/yosys.git
 * [new branch]        master -> master
from_remote_prefix= git@github.com:The-OpenROAD-Project/
to_remote_prefix= git@github.com:The-OpenROAD-Project-Private/
repo_name= ['security.git', 'OpenDB.git', 'OpenRCX.git', 'OpenSTA.git', 'flute3.git', 'OpenROAD.git', 'OpenROAD-flow.git', 'TritonRoute.git', 'yosys.git']
repo_branches= ['master', 'openroad']
running in working dir  /home/tspyrou/initial
path to script= /home/tspyrou/security/merging
repo= security.git
command= git clone git@github.com:The-OpenROAD-Project/security.git

command= git fetch origin

['master', 'openroad']
working on master
command= git checkout -f master
Your branch is up to date with 'origin/master'.

command= git pull origin master
Already up to date.

working on openroad
command= git checkout -f openroad

command= git pull origin openroad

command= git remote -v
origin	git@github.com:The-OpenROAD-Project/security.git (fetch)
origin	git@github.com:The-OpenROAD-Project/security.git (push)

command= git remote set-url origin git@github.com:The-OpenROAD-Project-Private/security.git

command= git remote -v
origin	git@github.com:The-OpenROAD-Project-Private/security.git (fetch)
origin	git@github.com:The-OpenROAD-Project-Private/security.git (push)

command= git push --all origin


repo= OpenDB.git
command= git clone git@github.com:The-OpenROAD-Project/OpenDB.git

command= git fetch origin

['master', 'openroad']
working on master
command= git checkout -f master
Your branch is up to date with 'origin/master'.

command= git pull origin master
Already up to date.

working on openroad
command= git checkout -f openroad
Branch 'openroad' set up to track remote branch 'openroad' from 'origin'.

command= git pull origin openroad
Already up to date.

command= git remote -v
origin	git@github.com:The-OpenROAD-Project/OpenDB.git (fetch)
origin	git@github.com:The-OpenROAD-Project/OpenDB.git (push)

command= git remote set-url origin git@github.com:The-OpenROAD-Project-Private/OpenDB.git

command= git remote -v
origin	git@github.com:The-OpenROAD-Project-Private/OpenDB.git (fetch)
origin	git@github.com:The-OpenROAD-Project-Private/OpenDB.git (push)

command= git push --all origin


repo= OpenRCX.git
command= git clone git@github.com:The-OpenROAD-Project/OpenRCX.git

command= git fetch origin

['master', 'openroad']
working on master
command= git checkout -f master
Your branch is up to date with 'origin/master'.

command= git pull origin master
Already up to date.

working on openroad
command= git checkout -f openroad
Branch 'openroad' set up to track remote branch 'openroad' from 'origin'.

command= git pull origin openroad
Already up to date.

command= git remote -v
origin	git@github.com:The-OpenROAD-Project/OpenRCX.git (fetch)
origin	git@github.com:The-OpenROAD-Project/OpenRCX.git (push)

command= git remote set-url origin git@github.com:The-OpenROAD-Project-Private/OpenRCX.git

command= git remote -v
origin	git@github.com:The-OpenROAD-Project-Private/OpenRCX.git (fetch)
origin	git@github.com:The-OpenROAD-Project-Private/OpenRCX.git (push)

command= git push --all origin


repo= OpenSTA.git
command= git clone git@github.com:The-OpenROAD-Project/OpenSTA.git

command= git fetch origin

['master', 'openroad']
working on master
command= git checkout -f master
Your branch is up to date with 'origin/master'.

command= git pull origin master
Already up to date.

working on openroad
command= git checkout -f openroad

command= git pull origin openroad

command= git remote -v
origin	git@github.com:The-OpenROAD-Project/OpenSTA.git (fetch)
origin	git@github.com:The-OpenROAD-Project/OpenSTA.git (push)

command= git remote set-url origin git@github.com:The-OpenROAD-Project-Private/OpenSTA.git

command= git remote -v
origin	git@github.com:The-OpenROAD-Project-Private/OpenSTA.git (fetch)
origin	git@github.com:The-OpenROAD-Project-Private/OpenSTA.git (push)

command= git push --all origin


repo= flute3.git
command= git clone git@github.com:The-OpenROAD-Project/flute3.git

command= git fetch origin

['master', 'openroad']
working on master
command= git checkout -f master
Your branch is up to date with 'origin/master'.

command= git pull origin master
Already up to date.

working on openroad
command= git checkout -f openroad

command= git pull origin openroad

command= git remote -v
origin	git@github.com:The-OpenROAD-Project/flute3.git (fetch)
origin	git@github.com:The-OpenROAD-Project/flute3.git (push)

command= git remote set-url origin git@github.com:The-OpenROAD-Project-Private/flute3.git

command= git remote -v
origin	git@github.com:The-OpenROAD-Project-Private/flute3.git (fetch)
origin	git@github.com:The-OpenROAD-Project-Private/flute3.git (push)

command= git push --all origin


repo= OpenROAD.git
command= git clone git@github.com:The-OpenROAD-Project/OpenROAD.git

command= git fetch origin

['master', 'openroad']
working on master
command= git checkout -f master
Your branch is up to date with 'origin/master'.

command= git pull origin master
Already up to date.

working on openroad
command= git checkout -f openroad
Branch 'openroad' set up to track remote branch 'openroad' from 'origin'.

command= git pull origin openroad
Already up to date.

command= git remote -v
origin	git@github.com:The-OpenROAD-Project/OpenROAD.git (fetch)
origin	git@github.com:The-OpenROAD-Project/OpenROAD.git (push)

command= git remote set-url origin git@github.com:The-OpenROAD-Project-Private/OpenROAD.git

command= git remote -v
origin	git@github.com:The-OpenROAD-Project-Private/OpenROAD.git (fetch)
origin	git@github.com:The-OpenROAD-Project-Private/OpenROAD.git (push)

command= git push --all origin


repo= OpenROAD-flow.git
command= git clone git@github.com:The-OpenROAD-Project/OpenROAD-flow.git

command= git fetch origin

['master', 'openroad']
working on master
command= git checkout -f master
Your branch is up to date with 'origin/master'.

command= git pull origin master
Already up to date.

working on openroad
command= git checkout -f openroad
Branch 'openroad' set up to track remote branch 'openroad' from 'origin'.

command= git pull origin openroad
Already up to date.

command= git remote -v
origin	git@github.com:The-OpenROAD-Project/OpenROAD-flow.git (fetch)
origin	git@github.com:The-OpenROAD-Project/OpenROAD-flow.git (push)

command= git remote set-url origin git@github.com:The-OpenROAD-Project-Private/OpenROAD-flow.git

command= git remote -v
origin	git@github.com:The-OpenROAD-Project-Private/OpenROAD-flow.git (fetch)
origin	git@github.com:The-OpenROAD-Project-Private/OpenROAD-flow.git (push)

command= git push --all origin


repo= TritonRoute.git
command= git clone git@github.com:The-OpenROAD-Project/TritonRoute.git

command= git fetch origin

['master', 'openroad']
working on master
command= git checkout -f master
Your branch is up to date with 'origin/master'.

command= git pull origin master
Already up to date.

working on openroad
command= git checkout -f openroad
Branch 'openroad' set up to track remote branch 'openroad' from 'origin'.

command= git pull origin openroad
Already up to date.

command= git remote -v
origin	git@github.com:The-OpenROAD-Project/TritonRoute.git (fetch)
origin	git@github.com:The-OpenROAD-Project/TritonRoute.git (push)

command= git remote set-url origin git@github.com:The-OpenROAD-Project-Private/TritonRoute.git

command= git remote -v
origin	git@github.com:The-OpenROAD-Project-Private/TritonRoute.git (fetch)
origin	git@github.com:The-OpenROAD-Project-Private/TritonRoute.git (push)

command= git push --all origin


repo= yosys.git
command= git clone git@github.com:The-OpenROAD-Project/yosys.git

command= git fetch origin

['master', 'openroad']
working on master
command= git checkout -f master
Your branch is up to date with 'origin/master'.

command= git pull origin master
Already up to date.

working on openroad
command= git checkout -f openroad

command= git pull origin openroad

command= git remote -v
origin	git@github.com:The-OpenROAD-Project/yosys.git (fetch)
origin	git@github.com:The-OpenROAD-Project/yosys.git (push)

command= git remote set-url origin git@github.com:The-OpenROAD-Project-Private/yosys.git

command= git remote -v
origin	git@github.com:The-OpenROAD-Project-Private/yosys.git (fetch)
origin	git@github.com:The-OpenROAD-Project-Private/yosys.git (push)

command= git push --all origin



from_remote_prefix= git@github.com:The-OpenROAD-Project/
to_remote_prefix= git@github.com:The-OpenROAD-Project-Private/
repo_name= ['security.git', 'OpenDB.git', 'OpenRCX.git', 'OpenSTA.git', 'flute3.git', 'OpenROAD.git', 'OpenROAD-flow.git', 'TritonRoute.git', 'yosys.git']
repo_branches= ['master', 'openroad']
running in working dir  /home/tspyrou/initial
path to script= /home/tspyrou/security/merging
repo= security.git
command= git clone git@github.com:The-OpenROAD-Project/security.git

command= git fetch origin

['master', 'openroad']
working on master
command= git checkout -f master
Your branch is up to date with 'origin/master'.

command= git pull origin master
Already up to date.

working on openroad
command= git checkout -f openroad

command= git pull origin openroad

command= git remote -v
origin	git@github.com:The-OpenROAD-Project/security.git (fetch)
origin	git@github.com:The-OpenROAD-Project/security.git (push)

command= git remote set-url origin git@github.com:The-OpenROAD-Project-Private/security.git

command= git remote -v
origin	git@github.com:The-OpenROAD-Project-Private/security.git (fetch)
origin	git@github.com:The-OpenROAD-Project-Private/security.git (push)

command= git push --all origin


repo= OpenDB.git
command= git clone git@github.com:The-OpenROAD-Project/OpenDB.git

command= git fetch origin

['master', 'openroad']
working on master
command= git checkout -f master
Your branch is up to date with 'origin/master'.

command= git pull origin master
Already up to date.

working on openroad
command= git checkout -f openroad
Branch 'openroad' set up to track remote branch 'openroad' from 'origin'.

command= git pull origin openroad
Already up to date.

command= git remote -v
origin	git@github.com:The-OpenROAD-Project/OpenDB.git (fetch)
origin	git@github.com:The-OpenROAD-Project/OpenDB.git (push)

command= git remote set-url origin git@github.com:The-OpenROAD-Project-Private/OpenDB.git

command= git remote -v
origin	git@github.com:The-OpenROAD-Project-Private/OpenDB.git (fetch)
origin	git@github.com:The-OpenROAD-Project-Private/OpenDB.git (push)

command= git push --all origin


repo= OpenRCX.git
command= git clone git@github.com:The-OpenROAD-Project/OpenRCX.git

command= git fetch origin

['master', 'openroad']
working on master
command= git checkout -f master
Your branch is up to date with 'origin/master'.

command= git pull origin master
Already up to date.

working on openroad
command= git checkout -f openroad
Branch 'openroad' set up to track remote branch 'openroad' from 'origin'.

command= git pull origin openroad
Already up to date.

command= git remote -v
origin	git@github.com:The-OpenROAD-Project/OpenRCX.git (fetch)
origin	git@github.com:The-OpenROAD-Project/OpenRCX.git (push)

command= git remote set-url origin git@github.com:The-OpenROAD-Project-Private/OpenRCX.git

command= git remote -v
origin	git@github.com:The-OpenROAD-Project-Private/OpenRCX.git (fetch)
origin	git@github.com:The-OpenROAD-Project-Private/OpenRCX.git (push)

command= git push --all origin


repo= OpenSTA.git
command= git clone git@github.com:The-OpenROAD-Project/OpenSTA.git

command= git fetch origin

['master', 'openroad']
working on master
command= git checkout -f master
Your branch is up to date with 'origin/master'.

command= git pull origin master
Already up to date.

working on openroad
command= git checkout -f openroad

command= git pull origin openroad

command= git remote -v
origin	git@github.com:The-OpenROAD-Project/OpenSTA.git (fetch)
origin	git@github.com:The-OpenROAD-Project/OpenSTA.git (push)

command= git remote set-url origin git@github.com:The-OpenROAD-Project-Private/OpenSTA.git

command= git remote -v
origin	git@github.com:The-OpenROAD-Project-Private/OpenSTA.git (fetch)
origin	git@github.com:The-OpenROAD-Project-Private/OpenSTA.git (push)

command= git push --all origin


repo= flute3.git
command= git clone git@github.com:The-OpenROAD-Project/flute3.git

command= git fetch origin

['master', 'openroad']
working on master
command= git checkout -f master
Your branch is up to date with 'origin/master'.

command= git pull origin master
Already up to date.

working on openroad
command= git checkout -f openroad

command= git pull origin openroad

command= git remote -v
origin	git@github.com:The-OpenROAD-Project/flute3.git (fetch)
origin	git@github.com:The-OpenROAD-Project/flute3.git (push)

command= git remote set-url origin git@github.com:The-OpenROAD-Project-Private/flute3.git

command= git remote -v
origin	git@github.com:The-OpenROAD-Project-Private/flute3.git (fetch)
origin	git@github.com:The-OpenROAD-Project-Private/flute3.git (push)

command= git push --all origin


repo= OpenROAD.git
command= git clone git@github.com:The-OpenROAD-Project/OpenROAD.git

command= git fetch origin

['master', 'openroad']
working on master
command= git checkout -f master
Your branch is up to date with 'origin/master'.

command= git pull origin master
Already up to date.

working on openroad
command= git checkout -f openroad
Branch 'openroad' set up to track remote branch 'openroad' from 'origin'.

command= git pull origin openroad
Already up to date.

command= git remote -v
origin	git@github.com:The-OpenROAD-Project/OpenROAD.git (fetch)
origin	git@github.com:The-OpenROAD-Project/OpenROAD.git (push)

command= git remote set-url origin git@github.com:The-OpenROAD-Project-Private/OpenROAD.git

command= git remote -v
origin	git@github.com:The-OpenROAD-Project-Private/OpenROAD.git (fetch)
origin	git@github.com:The-OpenROAD-Project-Private/OpenROAD.git (push)

command= git push --all origin


repo= OpenROAD-flow.git
command= git clone git@github.com:The-OpenROAD-Project/OpenROAD-flow.git

command= git fetch origin

['master', 'openroad']
working on master
command= git checkout -f master
Your branch is up to date with 'origin/master'.

command= git pull origin master
Already up to date.

working on openroad
command= git checkout -f openroad
Branch 'openroad' set up to track remote branch 'openroad' from 'origin'.

command= git pull origin openroad
Already up to date.

command= git remote -v
origin	git@github.com:The-OpenROAD-Project/OpenROAD-flow.git (fetch)
origin	git@github.com:The-OpenROAD-Project/OpenROAD-flow.git (push)

command= git remote set-url origin git@github.com:The-OpenROAD-Project-Private/OpenROAD-flow.git

command= git remote -v
origin	git@github.com:The-OpenROAD-Project-Private/OpenROAD-flow.git (fetch)
origin	git@github.com:The-OpenROAD-Project-Private/OpenROAD-flow.git (push)

command= git push --all origin


repo= TritonRoute.git
command= git clone git@github.com:The-OpenROAD-Project/TritonRoute.git

command= git fetch origin

['master', 'openroad']
working on master
command= git checkout -f master
Your branch is up to date with 'origin/master'.

command= git pull origin master
Already up to date.

working on openroad
command= git checkout -f openroad
Branch 'openroad' set up to track remote branch 'openroad' from 'origin'.

command= git pull origin openroad
Already up to date.

command= git remote -v
origin	git@github.com:The-OpenROAD-Project/TritonRoute.git (fetch)
origin	git@github.com:The-OpenROAD-Project/TritonRoute.git (push)

command= git remote set-url origin git@github.com:The-OpenROAD-Project-Private/TritonRoute.git

command= git remote -v
origin	git@github.com:The-OpenROAD-Project-Private/TritonRoute.git (fetch)
origin	git@github.com:The-OpenROAD-Project-Private/TritonRoute.git (push)

command= git push --all origin


repo= yosys.git
command= git clone git@github.com:The-OpenROAD-Project/yosys.git

command= git fetch origin

['master', 'openroad']
working on master
command= git checkout -f master
Your branch is up to date with 'origin/master'.

command= git pull origin master
Already up to date.

working on openroad
command= git checkout -f openroad

command= git pull origin openroad

command= git remote -v
origin	git@github.com:The-OpenROAD-Project/yosys.git (fetch)
origin	git@github.com:The-OpenROAD-Project/yosys.git (push)

command= git remote set-url origin git@github.com:The-OpenROAD-Project-Private/yosys.git

command= git remote -v
origin	git@github.com:The-OpenROAD-Project-Private/yosys.git (fetch)
origin	git@github.com:The-OpenROAD-Project-Private/yosys.git (push)

command= git push --all origin



tspyrou@DESKTOP-8MMEAST:~/initial$ ls
OpenDB   OpenROAD       OpenSTA      flute3    yosys
OpenRCX  OpenROAD-flow  TritonRoute  security
tspyrou@DESKTOP-8MMEAST:~/initial$ rm -rf *
tspyrou@DESKTOP-8MMEAST:~/initial$ 